\BOOKMARK [1][-]{Rfn.ICESat2VegR.Rdash.package.1}{\376\377\000I\000C\000E\000S\000a\000t\0002\000V\000e\000g\000R\000-\000p\000a\000c\000k\000a\000g\000e}{}% 1
\BOOKMARK [1][-]{Rfn..as.Rul.ee.Rul.geom.1}{\376\377\000.\000a\000s\000\137\000e\000e\000\137\000g\000e\000o\000m}{}% 2
\BOOKMARK [1][-]{Rfn..ee.Rul.ping.1}{\376\377\000.\000e\000e\000\137\000p\000i\000n\000g}{}% 3
\BOOKMARK [1][-]{Rfn.addEEImage.1}{\376\377\000a\000d\000d\000E\000E\000I\000m\000a\000g\000e}{}% 4
\BOOKMARK [1][-]{Rfn.aspect.1}{\376\377\000a\000s\000p\000e\000c\000t}{}% 5
\BOOKMARK [1][-]{Rfn.ATL03.Rul.ATL08.Rul.compute.Rul.seg.Rul.attributes.Rul.dt.Rul.segStat.1}{\376\377\000A\000T\000L\0000\0003\000\137\000A\000T\000L\0000\0008\000\137\000c\000o\000m\000p\000u\000t\000e\000\137\000s\000e\000g\000\137\000a\000t\000t\000r\000i\000b\000u\000t\000e\000s\000\137\000d\000t\000\137\000s\000e\000g\000S\000t\000a\000t}{}% 6
\BOOKMARK [1][-]{Rfn.ATL03.Rul.ATL08.Rul.photons.Rul.attributes.Rul.dt.Rul.clipBox.1}{\376\377\000A\000T\000L\0000\0003\000\137\000A\000T\000L\0000\0008\000\137\000p\000h\000o\000t\000o\000n\000s\000\137\000a\000t\000t\000r\000i\000b\000u\000t\000e\000s\000\137\000d\000t\000\137\000c\000l\000i\000p\000B\000o\000x}{}% 7
\BOOKMARK [1][-]{Rfn.ATL03.Rul.ATL08.Rul.photons.Rul.attributes.Rul.dt.Rul.clipGeometry.1}{\376\377\000A\000T\000L\0000\0003\000\137\000A\000T\000L\0000\0008\000\137\000p\000h\000o\000t\000o\000n\000s\000\137\000a\000t\000t\000r\000i\000b\000u\000t\000e\000s\000\137\000d\000t\000\137\000c\000l\000i\000p\000G\000e\000o\000m\000e\000t\000r\000y}{}% 8
\BOOKMARK [1][-]{Rfn.ATL03.Rul.ATL08.Rul.photons.Rul.attributes.Rul.dt.Rul.gridStat.1}{\376\377\000A\000T\000L\0000\0003\000\137\000A\000T\000L\0000\0008\000\137\000p\000h\000o\000t\000o\000n\000s\000\137\000a\000t\000t\000r\000i\000b\000u\000t\000e\000s\000\137\000d\000t\000\137\000g\000r\000i\000d\000S\000t\000a\000t}{}% 9
\BOOKMARK [1][-]{Rfn.ATL03.Rul.ATL08.Rul.photons.Rul.attributes.Rul.dt.Rul.join.1}{\376\377\000A\000T\000L\0000\0003\000\137\000A\000T\000L\0000\0008\000\137\000p\000h\000o\000t\000o\000n\000s\000\137\000a\000t\000t\000r\000i\000b\000u\000t\000e\000s\000\137\000d\000t\000\137\000j\000o\000i\000n}{}% 10
\BOOKMARK [1][-]{Rfn.ATL03.Rul.ATL08.Rul.photons.Rul.attributes.Rul.dt.Rul.LAS.1}{\376\377\000A\000T\000L\0000\0003\000\137\000A\000T\000L\0000\0008\000\137\000p\000h\000o\000t\000o\000n\000s\000\137\000a\000t\000t\000r\000i\000b\000u\000t\000e\000s\000\137\000d\000t\000\137\000L\000A\000S}{}% 11
\BOOKMARK [1][-]{Rfn.ATL03.Rul.ATL08.Rul.photons.Rul.attributes.Rul.dt.Rul.polyStat.1}{\376\377\000A\000T\000L\0000\0003\000\137\000A\000T\000L\0000\0008\000\137\000p\000h\000o\000t\000o\000n\000s\000\137\000a\000t\000t\000r\000i\000b\000u\000t\000e\000s\000\137\000d\000t\000\137\000p\000o\000l\000y\000S\000t\000a\000t}{}% 12
\BOOKMARK [1][-]{Rfn.ATL03.Rul.ATL08.Rul.photons.Rul.dt.Rul.height.Rul.normalize.1}{\376\377\000A\000T\000L\0000\0003\000\137\000A\000T\000L\0000\0008\000\137\000p\000h\000o\000t\000o\000n\000s\000\137\000d\000t\000\137\000h\000e\000i\000g\000h\000t\000\137\000n\000o\000r\000m\000a\000l\000i\000z\000e}{}% 13
\BOOKMARK [1][-]{Rfn.ATL03.Rul.ATL08.Rul.photons.Rul.seg.Rul.dt.Rul.fitground.1}{\376\377\000A\000T\000L\0000\0003\000\137\000A\000T\000L\0000\0008\000\137\000p\000h\000o\000t\000o\000n\000s\000\137\000s\000e\000g\000\137\000d\000t\000\137\000f\000i\000t\000g\000r\000o\000u\000n\000d}{}% 14
\BOOKMARK [1][-]{Rfn.ATL03.Rul.ATL08.Rul.segment.Rul.create.1}{\376\377\000A\000T\000L\0000\0003\000\137\000A\000T\000L\0000\0008\000\137\000s\000e\000g\000m\000e\000n\000t\000\137\000c\000r\000e\000a\000t\000e}{}% 15
\BOOKMARK [1][-]{Rfn.ATL03.Rul.ATL08.Rul.seg.Rul.cover.Rul.dt.Rul.compute.1}{\376\377\000A\000T\000L\0000\0003\000\137\000A\000T\000L\0000\0008\000\137\000s\000e\000g\000\137\000c\000o\000v\000e\000r\000\137\000d\000t\000\137\000c\000o\000m\000p\000u\000t\000e}{}% 16
\BOOKMARK [1][-]{Rfn.ATL03.Rul.h5.Rul.clipBox.1}{\376\377\000A\000T\000L\0000\0003\000\137\000h\0005\000\137\000c\000l\000i\000p\000B\000o\000x}{}% 17
\BOOKMARK [1][-]{Rfn.ATL03.Rul.h5.Rul.clipGeometry.1}{\376\377\000A\000T\000L\0000\0003\000\137\000h\0005\000\137\000c\000l\000i\000p\000G\000e\000o\000m\000e\000t\000r\000y}{}% 18
\BOOKMARK [1][-]{Rfn.ATL03.Rul.photons.Rul.attributes.Rul.dt.1}{\376\377\000A\000T\000L\0000\0003\000\137\000p\000h\000o\000t\000o\000n\000s\000\137\000a\000t\000t\000r\000i\000b\000u\000t\000e\000s\000\137\000d\000t}{}% 19
\BOOKMARK [1][-]{Rfn.ATL03.Rul.photons.Rul.attributes.Rul.dt.Rul.clipBox.1}{\376\377\000A\000T\000L\0000\0003\000\137\000p\000h\000o\000t\000o\000n\000s\000\137\000a\000t\000t\000r\000i\000b\000u\000t\000e\000s\000\137\000d\000t\000\137\000c\000l\000i\000p\000B\000o\000x}{}% 20
\BOOKMARK [1][-]{Rfn.ATL03.Rul.photons.Rul.attributes.Rul.dt.Rul.clipGeometry.1}{\376\377\000A\000T\000L\0000\0003\000\137\000p\000h\000o\000t\000o\000n\000s\000\137\000a\000t\000t\000r\000i\000b\000u\000t\000e\000s\000\137\000d\000t\000\137\000c\000l\000i\000p\000G\000e\000o\000m\000e\000t\000r\000y}{}% 21
\BOOKMARK [1][-]{Rfn.ATL03.Rul.photons.Rul.attributes.Rul.dt.Rul.LAS.1}{\376\377\000A\000T\000L\0000\0003\000\137\000p\000h\000o\000t\000o\000n\000s\000\137\000a\000t\000t\000r\000i\000b\000u\000t\000e\000s\000\137\000d\000t\000\137\000L\000A\000S}{}% 22
\BOOKMARK [1][-]{Rfn.ATL03.Rul.read.1}{\376\377\000A\000T\000L\0000\0003\000\137\000r\000e\000a\000d}{}% 23
\BOOKMARK [1][-]{Rfn.ATL03.Rul.seg.Rul.metadata.Rul.dt.1}{\376\377\000A\000T\000L\0000\0003\000\137\000s\000e\000g\000\137\000m\000e\000t\000a\000d\000a\000t\000a\000\137\000d\000t}{}% 24
\BOOKMARK [1][-]{Rfn.ATL08.Rul.attributes.Rul.dt.Rul.LAS.1}{\376\377\000A\000T\000L\0000\0008\000\137\000a\000t\000t\000r\000i\000b\000u\000t\000e\000s\000\137\000d\000t\000\137\000L\000A\000S}{}% 25
\BOOKMARK [1][-]{Rfn.ATL08.Rul.h5.Rul.clipBox.1}{\376\377\000A\000T\000L\0000\0008\000\137\000h\0005\000\137\000c\000l\000i\000p\000B\000o\000x}{}% 26
\BOOKMARK [1][-]{Rfn.ATL08.Rul.h5.Rul.clipGeometry.1}{\376\377\000A\000T\000L\0000\0008\000\137\000h\0005\000\137\000c\000l\000i\000p\000G\000e\000o\000m\000e\000t\000r\000y}{}% 27
\BOOKMARK [1][-]{Rfn.ATL08.Rul.photons.Rul.attributes.Rul.dt.1}{\376\377\000A\000T\000L\0000\0008\000\137\000p\000h\000o\000t\000o\000n\000s\000\137\000a\000t\000t\000r\000i\000b\000u\000t\000e\000s\000\137\000d\000t}{}% 28
\BOOKMARK [1][-]{Rfn.ATL08.Rul.read.1}{\376\377\000A\000T\000L\0000\0008\000\137\000r\000e\000a\000d}{}% 29
\BOOKMARK [1][-]{Rfn.ATL08.Rul.seg.Rul.attributes.Rul.dt.1}{\376\377\000A\000T\000L\0000\0008\000\137\000s\000e\000g\000\137\000a\000t\000t\000r\000i\000b\000u\000t\000e\000s\000\137\000d\000t}{}% 30
\BOOKMARK [1][-]{Rfn.ATL08.Rul.seg.Rul.attributes.Rul.dt.Rul.clipBox.1}{\376\377\000A\000T\000L\0000\0008\000\137\000s\000e\000g\000\137\000a\000t\000t\000r\000i\000b\000u\000t\000e\000s\000\137\000d\000t\000\137\000c\000l\000i\000p\000B\000o\000x}{}% 31
\BOOKMARK [1][-]{Rfn.ATL08.Rul.seg.Rul.attributes.Rul.dt.Rul.clipGeometry.1}{\376\377\000A\000T\000L\0000\0008\000\137\000s\000e\000g\000\137\000a\000t\000t\000r\000i\000b\000u\000t\000e\000s\000\137\000d\000t\000\137\000c\000l\000i\000p\000G\000e\000o\000m\000e\000t\000r\000y}{}% 32
\BOOKMARK [1][-]{Rfn.ATL08.Rul.seg.Rul.attributes.Rul.dt.Rul.gridStat.1}{\376\377\000A\000T\000L\0000\0008\000\137\000s\000e\000g\000\137\000a\000t\000t\000r\000i\000b\000u\000t\000e\000s\000\137\000d\000t\000\137\000g\000r\000i\000d\000S\000t\000a\000t}{}% 33
\BOOKMARK [1][-]{Rfn.ATL08.Rul.seg.Rul.attributes.Rul.dt.Rul.LAS.1}{\376\377\000A\000T\000L\0000\0008\000\137\000s\000e\000g\000\137\000a\000t\000t\000r\000i\000b\000u\000t\000e\000s\000\137\000d\000t\000\137\000L\000A\000S}{}% 34
\BOOKMARK [1][-]{Rfn.ATL08.Rul.seg.Rul.attributes.Rul.dt.Rul.polyStat.1}{\376\377\000A\000T\000L\0000\0008\000\137\000s\000e\000g\000\137\000a\000t\000t\000r\000i\000b\000u\000t\000e\000s\000\137\000d\000t\000\137\000p\000o\000l\000y\000S\000t\000a\000t}{}% 35
\BOOKMARK [1][-]{Rfn.ATL08.Rul.seg.Rul.attributes.Rul.h5.Rul.gridStat.1}{\376\377\000A\000T\000L\0000\0008\000\137\000s\000e\000g\000\137\000a\000t\000t\000r\000i\000b\000u\000t\000e\000s\000\137\000h\0005\000\137\000g\000r\000i\000d\000S\000t\000a\000t}{}% 36
\BOOKMARK [1][-]{Rfn.ATLAS.Rul.dataDownload.1}{\376\377\000A\000T\000L\000A\000S\000\137\000d\000a\000t\000a\000D\000o\000w\000n\000l\000o\000a\000d}{}% 37
\BOOKMARK [1][-]{Rfn.ATLAS.Rul.dataFinder.1}{\376\377\000A\000T\000L\000A\000S\000\137\000d\000a\000t\000a\000F\000i\000n\000d\000e\000r}{}% 38
\BOOKMARK [1][-]{Rfn.clip.1}{\376\377\000c\000l\000i\000p}{}% 39
\BOOKMARK [1][-]{Rfn.ee.Rul.build.Rul.AlphaEarth.Rul.embedding.Rul.terrain.Rul.stack.1}{\376\377\000e\000e\000\137\000b\000u\000i\000l\000d\000\137\000A\000l\000p\000h\000a\000E\000a\000r\000t\000h\000\137\000e\000m\000b\000e\000d\000d\000i\000n\000g\000\137\000t\000e\000r\000r\000a\000i\000n\000\137\000s\000t\000a\000c\000k}{}% 40
\BOOKMARK [1][-]{Rfn.ee.Rul.build.Rul.hls.Rul.s1c.Rul.terrain.Rul.stack.1}{\376\377\000e\000e\000\137\000b\000u\000i\000l\000d\000\137\000h\000l\000s\000\137\000s\0001\000c\000\137\000t\000e\000r\000r\000a\000i\000n\000\137\000s\000t\000a\000c\000k}{}% 41
\BOOKMARK [1][-]{Rfn.ee.Rul.initialize.1}{\376\377\000e\000e\000\137\000i\000n\000i\000t\000i\000a\000l\000i\000z\000e}{}% 42
\BOOKMARK [1][-]{Rfn.ee.Rul.rect.Rul.to.Rul.sf.1}{\376\377\000e\000e\000\137\000r\000e\000c\000t\000\137\000t\000o\000\137\000s\000f}{}% 43
\BOOKMARK [1][-]{Rfn.ext.Rul.to.Rul.ee.1}{\376\377\000e\000x\000t\000\137\000t\000o\000\137\000e\000e}{}% 44
\BOOKMARK [1][-]{Rfn.fit.Rul.metrics.1}{\376\377\000f\000i\000t\000\137\000m\000e\000t\000r\000i\000c\000s}{}% 45
\BOOKMARK [1][-]{Rfn.fit.Rul.model.1}{\376\377\000f\000i\000t\000\137\000m\000o\000d\000e\000l}{}% 46
\BOOKMARK [1][-]{Rfn.geomSampling.1}{\376\377\000g\000e\000o\000m\000S\000a\000m\000p\000l\000i\000n\000g}{}% 47
\BOOKMARK [1][-]{Rfn.get.Rul.catalog.Rul.id.1}{\376\377\000g\000e\000t\000\137\000c\000a\000t\000a\000l\000o\000g\000\137\000i\000d}{}% 48
\BOOKMARK [1][-]{Rfn.gridSampling.1}{\376\377\000g\000r\000i\000d\000S\000a\000m\000p\000l\000i\000n\000g}{}% 49
\BOOKMARK [1][-]{Rfn.ICESat2VegR.Rul.configure.1}{\376\377\000I\000C\000E\000S\000a\000t\0002\000V\000e\000g\000R\000\137\000c\000o\000n\000f\000i\000g\000u\000r\000e}{}% 50
\BOOKMARK [1][-]{Rfn.map.Rul.create.1}{\376\377\000m\000a\000p\000\137\000c\000r\000e\000a\000t\000e}{}% 51
\BOOKMARK [1][-]{Rfn.map.Rul.download.1}{\376\377\000m\000a\000p\000\137\000d\000o\000w\000n\000l\000o\000a\000d}{}% 52
\BOOKMARK [1][-]{Rfn.map.Rul.view.1}{\376\377\000m\000a\000p\000\137\000v\000i\000e\000w}{}% 53
\BOOKMARK [1][-]{Rfn.plot.varSel.1}{\376\377\000p\000l\000o\000t\000.\000v\000a\000r\000S\000e\000l}{}% 54
\BOOKMARK [1][-]{Rfn.predict.Rul.h5.1}{\376\377\000p\000r\000e\000d\000i\000c\000t\000\137\000h\0005}{}% 55
\BOOKMARK [1][-]{Rfn.prepend.Rul.class.1}{\376\377\000p\000r\000e\000p\000e\000n\000d\000\137\000c\000l\000a\000s\000s}{}% 56
\BOOKMARK [1][-]{Rfn.randomSampling.1}{\376\377\000r\000a\000n\000d\000o\000m\000S\000a\000m\000p\000l\000i\000n\000g}{}% 57
\BOOKMARK [1][-]{Rfn.rasterize.Rul.h5.1}{\376\377\000r\000a\000s\000t\000e\000r\000i\000z\000e\000\137\000h\0005}{}% 58
\BOOKMARK [1][-]{Rfn.rasterSampling.1}{\376\377\000r\000a\000s\000t\000e\000r\000S\000a\000m\000p\000l\000i\000n\000g}{}% 59
\BOOKMARK [1][-]{Rfn.rgt.Rul.extract.1}{\376\377\000r\000g\000t\000\137\000e\000x\000t\000r\000a\000c\000t}{}% 60
\BOOKMARK [1][-]{Rfn.sample.1}{\376\377\000s\000a\000m\000p\000l\000e}{}% 61
\BOOKMARK [1][-]{Rfn.sample.Rul.ATL.Rul.granules.Rul.by.Rul.year.1}{\376\377\000s\000a\000m\000p\000l\000e\000\137\000A\000T\000L\000\137\000g\000r\000a\000n\000u\000l\000e\000s\000\137\000b\000y\000\137\000y\000e\000a\000r}{}% 62
\BOOKMARK [1][-]{Rfn.search.Rul.datasets.1}{\376\377\000s\000e\000a\000r\000c\000h\000\137\000d\000a\000t\000a\000s\000e\000t\000s}{}% 63
\BOOKMARK [1][-]{Rfn.seg.Rul.ancillary.Rul.extract.1}{\376\377\000s\000e\000g\000\137\000a\000n\000c\000i\000l\000l\000a\000r\000y\000\137\000e\000x\000t\000r\000a\000c\000t}{}% 64
\BOOKMARK [1][-]{Rfn.slope.1}{\376\377\000s\000l\000o\000p\000e}{}% 65
\BOOKMARK [1][-]{Rfn.spacedSampling.1}{\376\377\000s\000p\000a\000c\000e\000d\000S\000a\000m\000p\000l\000i\000n\000g}{}% 66
\BOOKMARK [1][-]{Rfn.stratifiedSampling.1}{\376\377\000s\000t\000r\000a\000t\000i\000f\000i\000e\000d\000S\000a\000m\000p\000l\000i\000n\000g}{}% 67
\BOOKMARK [1][-]{Rfn.to.Rul.vect.1}{\376\377\000t\000o\000\137\000v\000e\000c\000t}{}% 68
\BOOKMARK [1][-]{Rfn.varSel.1}{\376\377\000v\000a\000r\000S\000e\000l}{}% 69
\BOOKMARK [1][-]{Rfn.vect.Rul.as.Rul.ee.1}{\376\377\000v\000e\000c\000t\000\137\000a\000s\000\137\000e\000e}{}% 70
\BOOKMARK [1][-]{Rfn.write.Rul.geojson.1}{\376\377\000w\000r\000i\000t\000e\000\137\000g\000e\000o\000j\000s\000o\000n}{}% 71
\BOOKMARK [0][-]{index.0}{\376\377\000I\000n\000d\000e\000x}{}% 72
