This is pdfTeX, Version 3.141592653-2.6-1.40.24 (MiKTeX 21.12) (preloaded format=pdflatex 2025.11.15)  2 DEC 2025 22:16
entering extended mode
 restricted \write18 enabled.
 %&-line parsing enabled.
**C:/Users/c.silva/Documents/ICESat2VegR/.Rd2pdf83296/Rd2.tex
(C:/Users/c.silva/Documents/ICESat2VegR/.Rd2pdf83296/Rd2.tex
LaTeX2e <2021-11-15> patch level 1
L3 programming layer <2021-11-22>
(C:\Users\c.silva\AppData\Local\Programs\MiKTeX\tex/latex/base\book.cls
Document Class: book 2021/10/04 v1.4n Standard LaTeX document class
(C:\Users\c.silva\AppData\Local\Programs\MiKTeX\tex/latex/base\bk10.clo
File: bk10.clo 2021/10/04 v1.4n Standard LaTeX file (size option)
)
\c@part=\count183
\c@chapter=\count184
\c@section=\count185
\c@subsection=\count186
\c@subsubsection=\count187
\c@paragraph=\count188
\c@subparagraph=\count189
\c@figure=\count190
\c@table=\count191
\abovecaptionskip=\skip47
\belowcaptionskip=\skip48
\bibindent=\dimen138
)
(C:/PROGRA~1/R/R-45~1.0/share/texmf/tex/latex\Rd.sty
Package: Rd 

(C:\Users\c.silva\AppData\Local\Programs\MiKTeX\tex/latex/base\ifthen.sty
Package: ifthen 2020/11/24 v1.1c Standard LaTeX ifthen package (DPC)
)
(C:\Users\c.silva\AppData\Local\Programs\MiKTeX\tex/generic/iftex\iftex.sty
Package: iftex 2020/03/06 v1.0d TeX engine tests
)
(C:\Users\c.silva\AppData\Local\Programs\MiKTeX\tex/latex/tools\longtable.sty
Package: longtable 2021-09-01 v4.17 Multi-page Table package (DPC)
\LTleft=\skip49
\LTright=\skip50
\LTpre=\skip51
\LTpost=\skip52
\LTchunksize=\count192
\LTcapwidth=\dimen139
\LT@head=\box50
\LT@firsthead=\box51
\LT@foot=\box52
\LT@lastfoot=\box53
\LT@gbox=\box54
\LT@cols=\count193
\LT@rows=\count194
\c@LT@tables=\count195
\c@LT@chunks=\count196
\LT@p@ftn=\toks16
)
(C:\Users\c.silva\AppData\Local\Programs\MiKTeX\tex/latex/tools\bm.sty
Package: bm 2021/04/25 v1.2e Bold Symbol Support (DPC/FMi)
\symboldoperators=\mathgroup4
\symboldletters=\mathgroup5
\symboldsymbols=\mathgroup6
Package bm Info: No bold for \OMX/cmex/m/n, using \pmb.
LaTeX Font Info:    Redeclaring math alphabet \mathbf on input line 149.
)
(C:\Users\c.silva\AppData\Local\Programs\MiKTeX\tex/latex/base\alltt.sty
Package: alltt 2021/01/29 v2.0g defines alltt environment
)
(C:\Users\c.silva\AppData\Local\Programs\MiKTeX\tex/latex/tools\verbatim.sty
Package: verbatim 2020-07-07 v1.5u LaTeX2e package for verbatim enhancements
\every@verbatim=\toks17
\verbatim@line=\toks18
\verbatim@in@stream=\read2
)
(C:\Users\c.silva\AppData\Local\Programs\MiKTeX\tex/latex/url\url.sty
\Urlmuskip=\muskip16
Package: url 2013/09/16  ver 3.4  Verb mode for urls, etc.
)
(C:\Users\c.silva\AppData\Local\Programs\MiKTeX\tex/latex/base\textcomp.sty
Package: textcomp 2020/02/02 v2.0n Standard LaTeX package
)
(C:\Users\c.silva\AppData\Local\Programs\MiKTeX\tex/latex/amsmath\amsmath.sty
Package: amsmath 2021/10/15 v2.17l AMS math features
\@mathmargin=\skip53

For additional information on amsmath, use the `?' option.
(C:\Users\c.silva\AppData\Local\Programs\MiKTeX\tex/latex/amsmath\amstext.sty
Package: amstext 2021/08/26 v2.01 AMS text

(C:\Users\c.silva\AppData\Local\Programs\MiKTeX\tex/latex/amsmath\amsgen.sty
File: amsgen.sty 1999/11/30 v2.0 generic functions
\@emptytoks=\toks19
\ex@=\dimen140
))
(C:\Users\c.silva\AppData\Local\Programs\MiKTeX\tex/latex/amsmath\amsbsy.sty
Package: amsbsy 1999/11/29 v1.2d Bold Symbols
LaTeX Info: Redefining \boldsymbol on input line 28.
\pmbraise@=\dimen141
)
(C:\Users\c.silva\AppData\Local\Programs\MiKTeX\tex/latex/amsmath\amsopn.sty
Package: amsopn 2021/08/26 v2.02 operator names
)
\inf@bad=\count197
LaTeX Info: Redefining \frac on input line 234.
\uproot@=\count198
\leftroot@=\count199
LaTeX Info: Redefining \overline on input line 399.
\classnum@=\count266
\DOTSCASE@=\count267
LaTeX Info: Redefining \ldots on input line 496.
LaTeX Info: Redefining \dots on input line 499.
LaTeX Info: Redefining \cdots on input line 620.
\Mathstrutbox@=\box55
\strutbox@=\box56
\big@size=\dimen142
LaTeX Font Info:    Redeclaring font encoding OML on input line 743.
LaTeX Font Info:    Redeclaring font encoding OMS on input line 744.
\macc@depth=\count268
\c@MaxMatrixCols=\count269
\dotsspace@=\muskip17
\c@parentequation=\count270
\dspbrk@lvl=\count271
\tag@help=\toks20
\row@=\count272
\column@=\count273
\maxfields@=\count274
\andhelp@=\toks21
\eqnshift@=\dimen143
\alignsep@=\dimen144
\tagshift@=\dimen145
\tagwidth@=\dimen146
\totwidth@=\dimen147
\lineht@=\dimen148
\@envbody=\toks22
\multlinegap=\skip54
\multlinetaggap=\skip55
\mathdisplay@stack=\toks23
LaTeX Info: Redefining \[ on input line 2938.
LaTeX Info: Redefining \] on input line 2939.
)
(C:\Users\c.silva\AppData\Local\Programs\MiKTeX\tex/latex/amsfonts\amsfonts.sty
Package: amsfonts 2013/01/14 v3.01 Basic AMSFonts support
\symAMSa=\mathgroup7
\symAMSb=\mathgroup8
LaTeX Font Info:    Redeclaring math symbol \hbar on input line 98.
LaTeX Font Info:    Overwriting math alphabet `\mathfrak' in version `bold'
(Font)                  U/euf/m/n --> U/euf/b/n on input line 106.
)
(C:\Users\c.silva\AppData\Local\Programs\MiKTeX\tex/latex/amsfonts\amssymb.sty
Package: amssymb 2013/01/14 v3.01 AMS font symbols
) (C:\Program Files\MiKTeX\tex/latex/jknappen\mathrsfs.sty
Package: mathrsfs 1996/01/01 Math RSFS package v1.0 (jk)
\symrsfs=\mathgroup9
)
\ldescriptionwidth=\skip56

(C:\Users\c.silva\AppData\Local\Programs\MiKTeX\tex/latex/base\fontenc.sty
Package: fontenc 2021/04/29 v2.0v Standard LaTeX package
)
(C:\Program Files\MiKTeX\tex/latex/psnfss\times.sty
Package: times 2020/03/25 PSNFSS-v9.3 (SPQR) 
)
(C:\Program Files\MiKTeX\tex/latex/inconsolata\zi4.sty
Package: zi4 2019/05/17 v1.12

`inconsolata-zi4' v1.12, 2019/05/17 Text macros for Inconsolata (msharpe)
(C:\Users\c.silva\AppData\Local\Programs\MiKTeX\tex/latex/xkeyval\xkeyval.sty
Package: xkeyval 2020/11/20 v2.8 package option processing (HA)

(C:\Users\c.silva\AppData\Local\Programs\MiKTeX\tex/generic/xkeyval\xkeyval.tex

(C:\Users\c.silva\AppData\Local\Programs\MiKTeX\tex/generic/xkeyval\xkvutils.te
x
\XKV@toks=\toks24
\XKV@tempa@toks=\toks25

(C:\Users\c.silva\AppData\Local\Programs\MiKTeX\tex/generic/xkeyval\keyval.tex)
)
\XKV@depth=\count275
File: xkeyval.tex 2014/12/03 v2.7a key=value parser (HA)
))
\zifour@ocount=\count276
)
(C:\Users\c.silva\AppData\Local\Programs\MiKTeX\tex/latex/graphics\color.sty
Package: color 2021/10/11 v1.3b Standard LaTeX Color (DPC)

(C:\Users\c.silva\AppData\Local\Programs\MiKTeX\tex/latex/graphics-cfg\color.cf
g
File: color.cfg 2016/01/02 v1.6 sample color configuration
)
Package color Info: Driver file: pdftex.def on input line 149.

(C:\Users\c.silva\AppData\Local\Programs\MiKTeX\tex/latex/graphics-def\pdftex.d
ef
File: pdftex.def 2020/10/05 v1.2a Graphics/color driver for pdftex
))
(C:\Users\c.silva\AppData\Local\Programs\MiKTeX\tex/latex/hyperref\hyperref.sty
Package: hyperref 2021-06-07 v7.00m Hypertext links for LaTeX
(C:\Program Files\MiKTeX\tex/generic/ltxcmds\ltxcmds.sty
Package: ltxcmds 2023-12-04 v1.26 LaTeX kernel commands for general use (HO)
)
(C:\Users\c.silva\AppData\Local\Programs\MiKTeX\tex/generic/pdftexcmds\pdftexcm
ds.sty
Package: pdftexcmds 2020-06-27 v0.33 Utility functions of pdfTeX for LuaTeX (HO
)
 (C:\Program Files\MiKTeX\tex/generic/infwarerr\infwarerr.sty
Package: infwarerr 2019/12/03 v1.5 Providing info/warning/error messages (HO)
)
Package pdftexcmds Info: \pdf@primitive is available.
Package pdftexcmds Info: \pdf@ifprimitive is available.
Package pdftexcmds Info: \pdfdraftmode found.
)
(C:\Program Files\MiKTeX\tex/latex/kvsetkeys\kvsetkeys.sty
Package: kvsetkeys 2022-10-05 v1.19 Key value parser (HO)
)
(C:\Program Files\MiKTeX\tex/generic/kvdefinekeys\kvdefinekeys.sty
Package: kvdefinekeys 2019-12-19 v1.6 Define keys (HO)
)
(C:\Program Files\MiKTeX\tex/generic/pdfescape\pdfescape.sty
Package: pdfescape 2019/12/09 v1.15 Implements pdfTeX's escape features (HO)
)
(C:\Program Files\MiKTeX\tex/latex/hycolor\hycolor.sty
Package: hycolor 2020-01-27 v1.10 Color options for hyperref/bookmark (HO)
)
(C:\Program Files\MiKTeX\tex/latex/letltxmacro\letltxmacro.sty
Package: letltxmacro 2019/12/03 v1.6 Let assignment for LaTeX macros (HO)
)
(C:\Program Files\MiKTeX\tex/latex/auxhook\auxhook.sty
Package: auxhook 2019-12-17 v1.6 Hooks for auxiliary files (HO)
)
(C:\Program Files\MiKTeX\tex/latex/kvoptions\kvoptions.sty
Package: kvoptions 2022-06-15 v3.15 Key value format for package options (HO)
)
\@linkdim=\dimen149
\Hy@linkcounter=\count277
\Hy@pagecounter=\count278

(C:\Users\c.silva\AppData\Local\Programs\MiKTeX\tex/latex/hyperref\pd1enc.def
File: pd1enc.def 2021-06-07 v7.00m Hyperref: PDFDocEncoding definition (HO)
Now handling font encoding PD1 ...
... no UTF-8 mapping file for font encoding PD1
)
(C:\Users\c.silva\AppData\Local\Programs\MiKTeX\tex/latex/hyperref\hyperref-lan
gpatches.def
File: hyperref-langpatches.def 2021-06-07 v7.00m Hyperref: patches for babel la
nguages
) (C:\Program Files\MiKTeX\tex/generic/intcalc\intcalc.sty
Package: intcalc 2019/12/15 v1.3 Expandable calculations with integers (HO)
)
(C:\Program Files\MiKTeX\tex/generic/etexcmds\etexcmds.sty
Package: etexcmds 2019/12/15 v1.7 Avoid name clashes with e-TeX commands (HO)
)
\Hy@SavedSpaceFactor=\count279

(C:\Users\c.silva\AppData\Local\Programs\MiKTeX\tex/latex/hyperref\puenc.def
File: puenc.def 2021-06-07 v7.00m Hyperref: PDF Unicode definition (HO)
Now handling font encoding PU ...
... no UTF-8 mapping file for font encoding PU
)
Package hyperref Info: Hyper figures OFF on input line 4192.
Package hyperref Info: Link nesting OFF on input line 4197.
Package hyperref Info: Hyper index ON on input line 4200.
Package hyperref Info: Plain pages OFF on input line 4207.
Package hyperref Info: Backreferencing OFF on input line 4212.
Package hyperref Info: Implicit mode ON; LaTeX internals redefined.
Package hyperref Info: Bookmarks ON on input line 4445.
\c@Hy@tempcnt=\count280
LaTeX Info: Redefining \url on input line 4804.
\XeTeXLinkMargin=\dimen150

(C:\Program Files\MiKTeX\tex/generic/bitset\bitset.sty
Package: bitset 2019/12/09 v1.3 Handle bit-vector datatype (HO)

(C:\Program Files\MiKTeX\tex/generic/bigintcalc\bigintcalc.sty
Package: bigintcalc 2019/12/15 v1.5 Expandable calculations on big integers (HO
)
))
\Fld@menulength=\count281
\Field@Width=\dimen151
\Fld@charsize=\dimen152
Package hyperref Info: Hyper figures OFF on input line 6076.
Package hyperref Info: Link nesting OFF on input line 6081.
Package hyperref Info: Hyper index ON on input line 6084.
Package hyperref Info: backreferencing OFF on input line 6091.
Package hyperref Info: Link coloring OFF on input line 6096.
Package hyperref Info: Link coloring with OCG OFF on input line 6101.
Package hyperref Info: PDF/A mode OFF on input line 6106.
LaTeX Info: Redefining \ref on input line 6146.
LaTeX Info: Redefining \pageref on input line 6150.

(C:\Users\c.silva\AppData\Local\Programs\MiKTeX\tex/latex/base\atbegshi-ltx.sty
Package: atbegshi-ltx 2021/01/10 v1.0c Emulation of the original atbegshi
package with kernel methods
)
\Hy@abspage=\count282
\c@Item=\count283
\c@Hfootnote=\count284
)
Package hyperref Info: Driver (autodetected): hpdftex.

(C:\Users\c.silva\AppData\Local\Programs\MiKTeX\tex/latex/hyperref\hpdftex.def
File: hpdftex.def 2021-06-07 v7.00m Hyperref driver for pdfTeX

(C:\Users\c.silva\AppData\Local\Programs\MiKTeX\tex/latex/base\atveryend-ltx.st
y
Package: atveryend-ltx 2020/08/19 v1.0a Emulation of the original atveryend pac
kage
with kernel methods
)
\Fld@listcount=\count285
\c@bookmark@seq@number=\count286
 (C:\Program Files\MiKTeX\tex/latex/rerunfilecheck\rerunfilecheck.sty
Package: rerunfilecheck 2025-06-21 v1.11 Rerun checks for auxiliary files (HO)

(C:\Program Files\MiKTeX\tex/generic/uniquecounter\uniquecounter.sty
Package: uniquecounter 2019/12/15 v1.4 Provide unlimited unique counter (HO)
)
Package uniquecounter Info: New unique counter `rerunfilecheck' on input line 2
84.
)
\Hy@SectionHShift=\skip57
)
Package hyperref Info: Option `colorlinks' set `true' on input line 413.
Package hyperref Info: Option `linktocpage' set `true' on input line 413.
Package hyperref Info: Option `plainpages' set `false' on input line 413.
)
(C:\Users\c.silva\AppData\Local\Programs\MiKTeX\tex/latex/base\makeidx.sty
Package: makeidx 2021/10/04 v1.0m Standard LaTeX package
)
\@indexfile=\write3
\openout3 = `Rd2.idx'.


Writing index file Rd2.idx
LaTeX Font Info:    Trying to load font information for T1+ptm on input line 8.

(C:\Program Files\MiKTeX\tex/latex/psnfss\t1ptm.fd
File: t1ptm.fd 2001/06/04 font definitions for T1/ptm.
)
(C:\Users\c.silva\AppData\Local\Programs\MiKTeX\tex/latex/l3backend\l3backend-p
dftex.def
File: l3backend-pdftex.def 2021-10-18 L3 backend support: PDF output (pdfTeX)
\l__color_backend_stack_int=\count287
\l__pdf_internal_box=\box57
) (Rd2.aux)
\openout1 = `Rd2.aux'.

LaTeX Font Info:    Checking defaults for OML/cmm/m/it on input line 8.
LaTeX Font Info:    ... okay on input line 8.
LaTeX Font Info:    Checking defaults for OMS/cmsy/m/n on input line 8.
LaTeX Font Info:    ... okay on input line 8.
LaTeX Font Info:    Checking defaults for OT1/cmr/m/n on input line 8.
LaTeX Font Info:    ... okay on input line 8.
LaTeX Font Info:    Checking defaults for T1/cmr/m/n on input line 8.
LaTeX Font Info:    ... okay on input line 8.
LaTeX Font Info:    Checking defaults for TS1/cmr/m/n on input line 8.
LaTeX Font Info:    ... okay on input line 8.
LaTeX Font Info:    Checking defaults for OMX/cmex/m/n on input line 8.
LaTeX Font Info:    ... okay on input line 8.
LaTeX Font Info:    Checking defaults for U/cmr/m/n on input line 8.
LaTeX Font Info:    ... okay on input line 8.
LaTeX Font Info:    Checking defaults for PD1/pdf/m/n on input line 8.
LaTeX Font Info:    ... okay on input line 8.
LaTeX Font Info:    Checking defaults for PU/pdf/m/n on input line 8.
LaTeX Font Info:    ... okay on input line 8.

(C:\Users\c.silva\AppData\Local\Programs\MiKTeX\tex/context/base/mkii\supp-pdf.
mkii
[Loading MPS to PDF converter (version 2006.09.02).]
\scratchcounter=\count288
\scratchdimen=\dimen153
\scratchbox=\box58
\nofMPsegments=\count289
\nofMParguments=\count290
\everyMPshowfont=\toks26
\MPscratchCnt=\count291
\MPscratchDim=\dimen154
\MPnumerator=\count292
\makeMPintoPDFobject=\count293
\everyMPtoPDFconversion=\toks27
)
Package hyperref Info: Link coloring ON on input line 8.

(C:\Users\c.silva\AppData\Local\Programs\MiKTeX\tex/latex/hyperref\nameref.sty
Package: nameref 2021-04-02 v2.47 Cross-referencing by name of section

(C:\Program Files\MiKTeX\tex/latex/refcount\refcount.sty
Package: refcount 2019/12/15 v3.6 Data extraction from label references (HO)
)
(C:\Program Files\MiKTeX\tex/generic/gettitlestring\gettitlestring.sty
Package: gettitlestring 2019/12/15 v1.6 Cleanup title references (HO)
)
\c@section@level=\count294
)
LaTeX Info: Redefining \ref on input line 8.
LaTeX Info: Redefining \pageref on input line 8.
LaTeX Info: Redefining \nameref on input line 8.

(Rd2.out) (Rd2.out)
\@outlinefile=\write4
\openout4 = `Rd2.out'.

LaTeX Font Info:    Trying to load font information for TS1+ptm on input line 2
0.
 (C:\Program Files\MiKTeX\tex/latex/psnfss\ts1ptm.fd
File: ts1ptm.fd 2001/06/04 font definitions for TS1/ptm.
)
LaTeX Font Info:    Trying to load font information for T1+zi4 on input line 29
.

(C:\Program Files\MiKTeX\tex/latex/inconsolata\t1zi4.fd
File: t1zi4.fd 2018/01/14 T1/zi4 (Inconsolata)
)
LaTeX Font Info:    Font shape `T1/zi4/m/n' will be
(Font)              scaled to size 10.0pt on input line 29.
LaTeX Font Info:    Trying to load font information for U+msa on input line 29.


(C:\Users\c.silva\AppData\Local\Programs\MiKTeX\tex/latex/amsfonts\umsa.fd
File: umsa.fd 2013/01/14 v3.01 AMS symbols A
)
LaTeX Font Info:    Trying to load font information for U+msb on input line 29.


(C:\Users\c.silva\AppData\Local\Programs\MiKTeX\tex/latex/amsfonts\umsb.fd
File: umsb.fd 2013/01/14 v3.01 AMS symbols B
)
LaTeX Font Info:    Trying to load font information for U+rsfs on input line 29
.

(C:\Program Files\MiKTeX\tex/latex/jknappen\ursfs.fd
File: ursfs.fd 1998/03/24 rsfs font definition file (jk)
) [1


{C:/Users/c.silva/AppData/Local/MiKTeX/fonts/map/pdftex/pdftex.map}]
Underfull \vbox (badness 10000) has occurred while \output is active []

 [2]
(Rd2.toc [3])
\tf@toc=\write5
\openout5 = `Rd2.toc'.

 [4]
Overfull \hbox (65.11998pt too wide) in paragraph at lines 174--177
[]\T1/ptm/m/n/10 An Earth En-gine python ob-ject (e.g. []\T1/zi4/m/n/10 ee$Geom
etry[]\T1/ptm/m/n/10 , []\T1/zi4/m/n/10 ee$Feature[]\T1/ptm/m/n/10 , []\T1/zi4/
m/n/10 ee$FeatureCollection[]\T1/ptm/m/n/10 ).
 []


Overfull \hbox (3.71793pt too wide) in paragraph at lines 174--177
\T1/ptm/m/n/10 Fea-tures/FeatureCollections are re-duced to their ge-om-e-try v
ia \T1/zi4/m/n/10 $geometry()\T1/ptm/m/n/10 . 
 []

[5]
Overfull \hbox (38.78836pt too wide) in paragraph at lines 214--217
[]\T1/ptm/m/n/10 Existing Earth En-gine python ob-jects are re-turned as-is, ex
-cept that []\T1/zi4/m/n/10 ee$Feature []\T1/ptm/m/n/10 and []\T1/zi4/m/n/10 ee
$FeatureCollection
 []

LaTeX Font Info:    Font shape `T1/zi4/m/n' will be
(Font)              scaled to size 9.0pt on input line 225.
[6] [7]
Overfull \hbox (24.89046pt too wide) in paragraph at lines 341--342
[]\T1/ptm/m/n/10 Passed to []\T1/zi4/m/n/10 leaflet::addTiles() []\T1/ptm/m/n/1
0 (e.g., []\T1/zi4/m/n/10 options = leaflet::tileOptions(opacity
 []


Overfull \hbox (4.50815pt too wide) in paragraph at lines 354--359
\T1/ptm/m/n/10 wise from north. The com-pu-ta-tion is per-formed us-ing Earth E
n-gine's built-in []\T1/zi4/m/n/10 ee$Terrain$aspect()
 []

[8]
Overfull \hbox (16.20766pt too wide) in paragraph at lines 416--419
[]\T1/ptm/m/n/10 Character vec-tor in-di-cat-ing pho-tons to pro-cess based on 
the clas-si-fi-ca-tion (1=ground,
 []


Overfull \hbox (10.26738pt too wide) in paragraph at lines 423--426
[]\T1/ptm/m/n/10 Indicates the qual-ity of the as-so-ci-ated pho-ton. 0 = nom-i
-nal, 1 = pos-si-ble_afterpulse,
 []

[9] [10]
Overfull \hbox (10.28088pt too wide) in paragraph at lines 530--531
[][][]$\T1/zi4/m/n/10 https : / / icesat-[]2 . gsfc . nasa . gov / sites / defa
ult / files / page _ files / ICESat2 _ ATL03 _ ATBD _
 []


Overfull \hbox (10.28088pt too wide) in paragraph at lines 532--533
[][][]$\T1/zi4/m/n/10 https : / / icesat-[]2 . gsfc . nasa . gov / sites / defa
ult / files / page _ files / ICESat2 _ ATL08 _ ATBD _
 []

[11] [12] [13]
Overfull \hbox (16.20766pt too wide) in paragraph at lines 675--677
[]\T1/ptm/m/n/10 Character vec-tor in-di-cat-ing pho-tons to pro-cess based on 
the clas-si-fi-ca-tion (1=ground,
 []


Overfull \hbox (2.66728pt too wide) in paragraph at lines 681--683
[]\T1/ptm/m/n/10 Indicates the qual-ity of the as-so-ci-ated pho-ton. 0=nom-i-n
al, 1=pos-si-ble_afterpulse,
 []

[14] [15]
Overfull \hbox (2.97717pt too wide) in paragraph at lines 787--791
[]\T1/zi4/m/n/10 quality_ph[]\T1/ptm/m/n/10 : In-di-cates the qual-ity of the a
s-so-ci-ated pho-ton. 0=nom-i-nal, 1=pos-si-ble_afterpulse,
 []


Overfull \hbox (44.10701pt too wide) in paragraph at lines 787--791
\T1/ptm/m/n/10 2=pos-si-ble_impulse_response_effect, 3=pos-si-ble_tep. Use this
 flag in con-junc-tion with []\T1/zi4/m/n/10 signal_conf_ph
 []


Overfull \hbox (10.28088pt too wide) in paragraph at lines 818--819
[][][]$\T1/zi4/m/n/10 https : / / icesat-[]2 . gsfc . nasa . gov / sites / defa
ult / files / page _ files / ICESat2 _ ATL08 _ ATBD _
 []

[16] [17] [18]
Underfull \vbox (badness 10000) has occurred while \output is active []

 [19]
Overfull \hbox (13.02956pt too wide) in paragraph at lines 1054--1055
[]\T1/ptm/m/n/10 parameters to be passed for-ward to [][][]\T1/zi4/m/n/10 ATL03
_ATL08_photons_seg_dt_fitground()[][][][]\T1/ptm/m/n/10 . 
 []

[20] [21] [22]
Overfull \hbox (64.21046pt too wide) in paragraph at lines 1211--1213
[][][]\T1/zi4/m/n/10 icesat2.atl03atl08_dt[][][][]\T1/ptm/m/n/10 . The out-put 
of the [][][]\T1/zi4/m/n/10 ATL03_ATL08_photons_attributes_dt_join()[][][][]\T1
/ptm/m/n/10 . 
 []


Overfull \hbox (10.28088pt too wide) in paragraph at lines 1245--1246
[][][]$\T1/zi4/m/n/10 https : / / icesat-[]2 . gsfc . nasa . gov / sites / defa
ult / files / page _ files / ICESat2 _ ATL08 _ ATBD _
 []

[23]
Overfull \hbox (64.21046pt too wide) in paragraph at lines 1295--1297
[][][]\T1/zi4/m/n/10 icesat2.atl03atl08_dt[][][][]\T1/ptm/m/n/10 . The out-put 
of the [][][]\T1/zi4/m/n/10 ATL03_ATL08_photons_attributes_dt_join()[][][][]\T1
/ptm/m/n/10 . 
 []

[24]
Overfull \hbox (10.28088pt too wide) in paragraph at lines 1314--1315
[][][]$\T1/zi4/m/n/10 https : / / icesat-[]2 . gsfc . nasa . gov / sites / defa
ult / files / page _ files / ICESat2 _ ATL08 _ ATBD _
 []


Overfull \hbox (7.17844pt too wide) in paragraph at lines 1364--1366
[][][]\T1/zi4/m/n/10 character[][][][]\T1/ptm/m/n/10 . Other ad-dional groups t
hat should be in-cluded, de-fault c("orbit_info") 
 []

[25] [26]
Overfull \hbox (7.17844pt too wide) in paragraph at lines 1433--1435
[][][]\T1/zi4/m/n/10 character[][][][]\T1/ptm/m/n/10 . Other ad-dional groups t
hat should be in-cluded, de-fault c("orbit_info") 
 []

[27]
Overfull \hbox (64.3068pt too wide) in paragraph at lines 1509--1513
[]\T1/zi4/m/n/10 quality_ph[]\T1/ptm/m/n/10 : Pho-ton qual-ity flag (0 = nom-i-
nal, 1 = pos-si-ble_afterpulse, 2 = pos-si-ble_impulse_response_effect,
 []


Overfull \hbox (31.88864pt too wide) in paragraph at lines 1513--1515
[]\T1/zi4/m/n/10 solar_elevation[]\T1/ptm/m/n/10 : So-lar el-e-va-tion in-ter-p
o-lated from segment-level []\T1/zi4/m/n/10 geolocation/solar_elevation
 []


Overfull \hbox (69.49838pt too wide) in paragraph at lines 1515--1517
[]\T1/zi4/m/n/10 dist_ph_along[]\T1/ptm/m/n/10 : Along-track dis-tance for each
 pho-ton (seg-ment cu-mu-la-tive length + []\T1/zi4/m/n/10 heights/dist_ph_alon
g
 []


Overfull \hbox (10.28088pt too wide) in paragraph at lines 1532--1533
[][][]$\T1/zi4/m/n/10 https : / / icesat-[]2 . gsfc . nasa . gov / sites / defa
ult / files / page _ files / ICESat2 _ ATL03 _ ATBD _
 []

[28] [29]
Overfull \hbox (10.28088pt too wide) in paragraph at lines 1593--1594
[][][]$\T1/zi4/m/n/10 https : / / icesat-[]2 . gsfc . nasa . gov / sites / defa
ult / files / page _ files / ICESat2 _ ATL03 _ ATBD _
 []

[30]
Overfull \hbox (10.28088pt too wide) in paragraph at lines 1665--1666
[][][]$\T1/zi4/m/n/10 https : / / icesat-[]2 . gsfc . nasa . gov / sites / defa
ult / files / page _ files / ICESat2 _ ATL03 _ ATBD _
 []

[31]
Overfull \hbox (34.45985pt too wide) in paragraph at lines 1716--1718
[]\T1/ptm/m/n/10 An S4 ob-ject of class [][][]\T1/zi4/m/n/10 icesat2.atl03_dt[]
[][] []\T1/ptm/m/n/10 (out-put of [][][]\T1/zi4/m/n/10 ATL03_photons_attributes
_dt()[][][]
 []

[32]
Overfull \hbox (10.28088pt too wide) in paragraph at lines 1788--1789
[][][]$\T1/zi4/m/n/10 https : / / icesat-[]2 . gsfc . nasa . gov / sites / defa
ult / files / page _ files / ICESat2 _ ATL03 _ ATBD _
 []

[33]
Overfull \hbox (33.09036pt too wide) in paragraph at lines 1823--1823
 []    \T1/zi4/m/n/10 "full_sat_fract", "near_sat_fract", "neutat_delay_derivat
ive", "neutat_delay_total",[] 
 []


Overfull \hbox (1.42029pt too wide) in paragraph at lines 1825--1825
 []    \T1/zi4/m/n/10 "ref_azimuth", "ref_elev", "reference_photon_index", "rol
l", "segment_dist_x",[] 
 []


Overfull \hbox (11.42029pt too wide) in paragraph at lines 1826--1826
 []    \T1/zi4/m/n/10 "segment_id", "segment_length", "segment_ph_cnt", "sigma_
across", "sigma_along",[] 
 []


Overfull \hbox (34.75021pt too wide) in paragraph at lines 1827--1827
 []    \T1/zi4/m/n/10 "sigma_h", "sigma_lat", "sigma_lon", "solar_azimuth", "so
lar_elevation", "surf_type",[] 
 []


Overfull \hbox (30.2799pt too wide) in paragraph at lines 1855--1859
\T1/ptm/m/n/10 ment. This is de-rived from []\T1/zi4/m/n/10 geolocation/ph_inde
x_beg[]\T1/ptm/m/n/10 , []\T1/zi4/m/n/10 geolocation/reference_photon_index[]\T
1/ptm/m/n/10 ,
 []


Overfull \hbox (37.73827pt too wide) in paragraph at lines 1862--1864
[]\T1/zi4/m/n/10 delta_time[]\T1/ptm/m/n/10 : Trans-mit time of the ref-er-ence
 pho-ton, mea-sured in sec-onds from []\T1/zi4/m/n/10 atlas_sdp_gps_epoch[]\T1/
ptm/m/n/10 . 
 []

[34]
Overfull \hbox (61.19846pt too wide) in paragraph at lines 1925--1927
[]\T1/ptm/m/n/10 A [][][]\T1/zi4/m/n/10 data.table::data.table[][][] []\T1/ptm/
m/n/10 with one row per ATL03 ge-olo-ca-tion seg-ment, with class []\T1/zi4/m/n
/10 "icesat2.atl03_seg_dt"
 []

[35]
Overfull \hbox (10.28088pt too wide) in paragraph at lines 1942--1943
[][][]$\T1/zi4/m/n/10 https : / / icesat-[]2 . gsfc . nasa . gov / sites / defa
ult / files / page _ files / ICESat2 _ ATL03 _ ATBD _
 []


Overfull \hbox (10.28088pt too wide) in paragraph at lines 1989--1990
[][][]$\T1/zi4/m/n/10 https : / / icesat-[]2 . gsfc . nasa . gov / sites / defa
ult / files / page _ files / ICESat2 _ ATL08 _ ATBD _
 []

[36]
Overfull \hbox (7.17844pt too wide) in paragraph at lines 2040--2042
[][][]\T1/zi4/m/n/10 character[][][][]\T1/ptm/m/n/10 . Other ad-dional groups t
hat should be in-cluded, de-fault c("orbit_info") 
 []

[37] [38]
Overfull \hbox (7.17844pt too wide) in paragraph at lines 2112--2114
[][][]\T1/zi4/m/n/10 character[][][][]\T1/ptm/m/n/10 . Other ad-dional groups t
hat should be in-cluded, de-fault c("orbit_info") 
 []

[39]
Overfull \hbox (23.09036pt too wide) in paragraph at lines 2163--2163
 []  \T1/zi4/m/n/10 photon_attributes = c("ph_segment_id", "classed_pc_indx", "
classed_pc_flag", "ph_h",[] 
 []


Overfull \hbox (26.58034pt too wide) in paragraph at lines 2176--2178
\T1/ptm/m/n/10 fault all []\T1/zi4/m/n/10 c("ph_segment_id", "classed_pc_indx",
 "classed_pc_flag", "ph_h",
 []


Overfull \hbox (10.28088pt too wide) in paragraph at lines 2203--2204
[][][]$\T1/zi4/m/n/10 https : / / icesat-[]2 . gsfc . nasa . gov / sites / defa
ult / files / page _ files / ICESat2 _ ATL08 _ ATBD _
 []

[40]
Overfull \hbox (10.28088pt too wide) in paragraph at lines 2248--2249
[][][]$\T1/zi4/m/n/10 https : / / icesat-[]2 . gsfc . nasa . gov / sites / defa
ult / files / page _ files / ICESat2 _ ATL08 _ ATBD _
 []

[41]
Overfull \hbox (200.33575pt too wide) in paragraph at lines 2288--2290
\T1/ptm/m/n/10 tracted. De-fault is at-tribute = c("h_canopy","canopy_h_metrics
","canopy_openness","h_te_mean","h_te_median","terrain_slope") 
 []

[42]
Overfull \hbox (10.28088pt too wide) in paragraph at lines 2355--2356
[][][]$\T1/zi4/m/n/10 https : / / icesat-[]2 . gsfc . nasa . gov / sites / defa
ult / files / page _ files / ICESat2 _ ATL08 _ ATBD _
 []

[43] [44] [45] [46] [47] [48] [49]
Underfull \vbox (badness 10000) has occurred while \output is active []

 [50]
Overfull \hbox (3.09036pt too wide) in paragraph at lines 2781--2781
 []  \T1/zi4/m/n/10 metrics = c("h_canopy", "canopy_rh_conf", "h_median_canopy_
abs", "h_min_canopy",[] 
 []


Overfull \hbox (31.42029pt too wide) in paragraph at lines 2783--2783
 []    \T1/zi4/m/n/10 "h_min_canopy_abs", "h_dif_canopy", "h_canopy_quad", "h_c
anopy_20m", "n_ca_photons",[] 
 []


Overfull \hbox (3.09036pt too wide) in paragraph at lines 2784--2784
 []    \T1/zi4/m/n/10 "photon_rate_can", "centroid_height", "canopy_h_metrics_a
bs", "h_mean_canopy",[] 
 []


Overfull \hbox (91.45634pt too wide) in paragraph at lines 2810--2812
[]\T1/ptm/m/n/10 Character. The root name for the raster out-put files, the pat
-tern is {out_root}\T1/ptm/m/it/10 {metric}\T1/ptm/m/n/10 {count/m1/m2}.tif.
 []

[51]
Overfull \hbox (75.81668pt too wide) in paragraph at lines 2823--2824
[]\T1/ptm/m/n/10 CharacterVector. The GDAL cre-ation op-tions for the tif file.
 De-fault c("COMPRESS=PACKBITS",
 []

[52] [53]
Overfull \hbox (33.15894pt too wide) in paragraph at lines 2996--2998
[]\T1/ptm/m/n/10 Character vec-tor; URLs to ATL03/ATL08 files (e.g., re-turned 
by []\T1/zi4/m/n/10 ATLAS_dataFinder()[]\T1/ptm/m/n/10 ). 
 []

[54] [55]
Overfull \hbox (46.90834pt too wide) in paragraph at lines 3103--3107
\T1/ptm/m/n/10 [MM]-[DD]T[hh]:[mm]:[ss]Z. Ex.: c("2019-07-01T00:00:00Z","2020-0
5-22T23:59:59Z").
 []

[56]
Overfull \hbox (17.90712pt too wide) in paragraph at lines 3125--3128
\T1/ptm/m/n/10 bound-ing box of the area of in-ter-est (e.g. lower_left_lon,low
er_left_lat,upper_right_lon,upper_right_lat) 
 []


Overfull \hbox (2.95827pt too wide) in paragraph at lines 3129--3131
[]\T1/ptm/m/n/10 This func-tion re-lies on the ex-ist-ing CMR tool: [][]$\T1/zi
4/m/n/10 https : / / cmr . earthdata . nasa . gov / search / site /
 []

LaTeX Font Info:    Trying to load font information for TS1+zi4 on input line 3
150.
(C:\Program Files\MiKTeX\tex/latex/inconsolata\ts1zi4.fd
File: ts1zi4.fd 2018/01/14 TS1/zi4 (Inconsolata)
)
LaTeX Font Info:    Font shape `TS1/zi4/m/n' will be
(Font)              scaled to size 9.0pt on input line 3150.
 [57]
Overfull \hbox (116.3009pt too wide) in paragraph at lines 3189--3191
[][][]\T1/zi4/m/n/10 ATL03_ATL08_photons_attributes_dt_join_clipBox[][][][]\T1/
ptm/m/n/10 , [][][]\T1/zi4/m/n/10 ATL03_ATL08_photons_attributes_dt_join_clipGe
ometry[][][] 
 []

LaTeX Font Info:    Font shape `TS1/zi4/m/n' will be
(Font)              scaled to size 10.0pt on input line 3200.
[58]
Overfull \hbox (8.04973pt too wide) in paragraph at lines 3275--3277
[]\T1/zi4/m/n/10 clip(x = icesat2.atl03_dt, clip_obj = numeric)[]\T1/ptm/m/n/10
 : Clip ATL03 pho-ton at-tributes by bound-
 []


Overfull \hbox (13.4495pt too wide) in paragraph at lines 3281--3283
[]\T1/zi4/m/n/10 clip(x = icesat2.atl08_dt, clip_obj = numeric)[]\T1/ptm/m/n/10
 : Clip ATL08 seg-ment at-tributes by bound-
 []


Overfull \hbox (1.90025pt too wide) in paragraph at lines 3287--3288
[]\T1/zi4/m/n/10 clip(x = icesat2.atl03atl08_dt, clip_obj = numeric)[]\T1/ptm/m
/n/10 : Join ATL03 pho-tons and ATL08
 []


Overfull \hbox (170.84094pt too wide) in paragraph at lines 3321--3331
[][][]\T1/zi4/m/n/10 ATL03_h5_clipBox[][][][]\T1/ptm/m/n/10 , [][][]\T1/zi4/m/n
/10 ATL03_h5_clipGeometry[][][][]\T1/ptm/m/n/10 , [][][]\T1/zi4/m/n/10 ATL03_ph
oton_attributes_dt_clipBox[][][][]\T1/ptm/m/n/10 , [][][]\T1/zi4/m/n/10 ATL03_p
hoton_attributes_dt_clipGeometry[][][][]\T1/ptm/m/n/10 ,
 []


Overfull \hbox (140.84094pt too wide) in paragraph at lines 3321--3331
[][][]\T1/zi4/m/n/10 ATL08_h5_clipBox[][][][]\T1/ptm/m/n/10 , [][][]\T1/zi4/m/n
/10 ATL08_h5_clipGeometry[][][][]\T1/ptm/m/n/10 , [][][]\T1/zi4/m/n/10 ATL08_se
g_attributes_dt_clipBox[][][][]\T1/ptm/m/n/10 , [][][]\T1/zi4/m/n/10 ATL08_seg_
attributes_dt_clipGeometry[][][][]\T1/ptm/m/n/10 ,
 []


Overfull \hbox (94.3009pt too wide) in paragraph at lines 3321--3331
[][][]\T1/zi4/m/n/10 ATL03_ATL08_photons_attributes_dt_join_clipBox[][][][]\T1/
ptm/m/n/10 , [][][]\T1/zi4/m/n/10 ATL03_ATL08_photons_attributes_dt_join_clipGe
ometry[][][] 
 []

[59]
Overfull \hbox (9.85884pt too wide) in paragraph at lines 3339--3341
[]\T1/ptm/m/n/10 Annual satel-lite em-bed-dings from []\T1/zi4/m/n/10 "GOOGLE/S
ATELLITE_EMBEDDING/V1/ANNUAL" []\T1/ptm/m/n/10 (Al-phaEarth). 
 []

[60]
Overfull \hbox (32.92726pt too wide) in paragraph at lines 3413--3415
[]\T1/ptm/m/n/10 All ter-rain lay-ers are clipped to the AOI and re-pro-jected 
to []\T1/zi4/m/n/10 "EPSG:4326" []\T1/ptm/m/n/10 with the re-quested []\T1/zi4/
m/n/10 terrain_scale[]\T1/ptm/m/n/10 . 
 []

Package textcomp Info: Symbol \textrightarrow not provided by
(textcomp)             font family zi4 in TS1 encoding.
(textcomp)             Default family used instead on input line 3459.
LaTeX Font Info:    Trying to load font information for T1+cmtt on input line 3
459.
(C:\Users\c.silva\AppData\Local\Programs\MiKTeX\tex/latex/base\t1cmtt.fd
File: t1cmtt.fd 2019/12/16 v2.5j Standard LaTeX font definitions
)
LaTeX Font Info:    Trying to load font information for TS1+cmtt on input line 
3459.

(C:\Users\c.silva\AppData\Local\Programs\MiKTeX\tex/latex/base\ts1cmtt.fd
File: ts1cmtt.fd 2019/12/16 v2.5j Standard LaTeX font definitions
)
[61]
Underfull \vbox (badness 10000) has occurred while \output is active []

 [62]
[63]
Overfull \hbox (33.19801pt too wide) in paragraph at lines 3604--3606
[]\T1/ptm/m/n/10 Dataset search and cat-a-log ID re-trieval are per-formed by [
][][]\T1/zi4/m/n/10 search_datasets()[][][] []\T1/ptm/m/n/10 and [][][]\T1/zi4/
m/n/10 get_catalog_id()[][][]
 []

! You can't use `macro parameter character #' in horizontal mode.
l.3628 #
        # Not run:
Sorry, but I'm not programmed to handle this case;
I'll just pretend that you didn't ask for it.
If you're in the wrong mode, you might be able to
return to the right one by typing `I}' or `I$' or `I\par'.

! You can't use `macro parameter character #' in horizontal mode.
l.3628 ##
          Not run:
Sorry, but I'm not programmed to handle this case;
I'll just pretend that you didn't ask for it.
If you're in the wrong mode, you might be able to
return to the right one by typing `I}' or `I$' or `I\par'.


Overfull \hbox (69.30333pt too wide) in paragraph at lines 3627--3637
[]\T1/ptm/m/n/10 #' @ex-am-ples  Not run: # ===================================
=============================
 []


Overfull \hbox (110.92313pt too wide) in paragraph at lines 3627--3637
\T1/ptm/m/n/10 # Ex-am-ple 1  Us-ing the func-tion # =========================
=======================================
 []


Overfull \hbox (317.10034pt too wide) in paragraph at lines 3641--3645
\T1/ptm/m/n/10 am-ple 2  FULL SCRIPT (no func-tion) # Users may copy/paste and
 mod-ify as needed # ==========================================================
====== 
 []


Overfull \hbox (91.09666pt too wide) in paragraph at lines 3671--3679
[]\T1/ptm/m/n/10 hls <- ee$ImageCollection(id)$ fil-ter-Bounds(aoi)$ filterDate
("2019-04-01", "2019-05-31")$ fil-ter("CLOUD_COVERAGE
 []


Overfull \hbox (24.54663pt too wide) in paragraph at lines 3680--3682
[]\T1/ptm/m/n/10 hls <- hls[["B2","B3","B4","B5","B6","B7"]] names(hls) <- c("b
lue","green","red","nir","swir1","swir2") 
 []


Overfull \hbox (2.42667pt too wide) in paragraph at lines 3683--3691
[]\T1/ptm/m/n/10 # Veg-e-ta-tion in-dices nir <- hls[["nir"]] red <- hls[["red"
]] blue <- hls[["blue"]] green <- hls[["green"]]
 []

[64]
Overfull \hbox (39.91957pt too wide) in paragraph at lines 3704--3708
[]\T1/ptm/m/n/10 # Spec-tral un-mix-ing soil <- c(0.14, 0.16, 0.22, 0.39, 0.45,
 0.27) veg <- c(0.086,0.062,0.043,0.247,0.109,0.039)
 []


Overfull \hbox (18.78642pt too wide) in paragraph at lines 3709--3712
[]\T1/ptm/m/n/10 img <- hls[[c("blue","green","red","nir","swir1","swir2")]] un
-mix-ing <- img$unmix(list(soil,veg,water))
 []


Overfull \hbox (14.44633pt too wide) in paragraph at lines 3715--3723
\T1/ptm/m/n/10 (swir1+0.02))/((nir+0.1)+(swir1+0.02)) hls[["cvi"]] <- nir * (re
d/(green^2)) hls[["cmr"]] <- swir1/swir2 
 []


Overfull \hbox (57.84712pt too wide) in paragraph at lines 3725--3730
\T1/ptm/m/n/10 --------------------------------- dem_search <- search_datasets(
"nasa","dem") dem_id <- get_catalog_id(dem_search) 
 []


Overfull \hbox (9.2966pt too wide) in paragraph at lines 3731--3734
[]\T1/ptm/m/n/10 elevation <- ee$Image(dem_id) the_slope <- as.integer(slope(as
.integer(elevation)) * 1000) the_aspect
 []


Overfull \hbox (10.04784pt too wide) in paragraph at lines 3738--3747
\T1/ptm/m/n/10 ------------------------------ s1c <- ee$ImageCollection("COPERN
ICUS/S1_GRD")$ fil-ter-Bounds(aoi)$
 []


Overfull \hbox (53.30556pt too wide) in paragraph at lines 3738--3747
\T1/ptm/m/n/10 filterDate("2019-04-01","2019-05-31")$ fil-ter(ee$Filter$listCon
tains("transmitterReceiverPolarisation","VV"))$
 []


Overfull \hbox (71.63432pt too wide) in paragraph at lines 3738--3747
\T1/ptm/m/n/10 fil-ter(ee$Filter$listContains("transmitterReceiverPolarisation"
,"VH"))$ fil-ter(ee$Filter$eq("instrumentMode","IW")) 
 []


Overfull \hbox (15.9679pt too wide) in paragraph at lines 3757--3761
\T1/ptm/m/n/10 10000) s1c[["copol2"]] <- as.integer(((vv - vh)/(vv + vh)) * 100
00) s1c[["copol3"]] <- as.integer((vh/vv)
 []


Overfull \hbox (40.03725pt too wide) in paragraph at lines 3777--3783
[]\T1/ptm/m/n/10 fullStack <- c( full-Stack, hls$reduceNeighborhood(reducer, ke
r-nel), stack-Dem$reduceNeighborhood(reducer,
 []

! You can't use `macro parameter character #' in vertical mode.
l.3795 #
        # End(Not run)
Sorry, but I'm not programmed to handle this case;
I'll just pretend that you didn't ask for it.
If you're in the wrong mode, you might be able to
return to the right one by typing `I}' or `I$' or `I\par'.

! You can't use `macro parameter character #' in vertical mode.
l.3795 ##
          End(Not run)
Sorry, but I'm not programmed to handle this case;
I'll just pretend that you didn't ask for it.
If you're in the wrong mode, you might be able to
return to the right one by typing `I}' or `I$' or `I\par'.

[65] [66]
Overfull \hbox (18.85902pt too wide) in paragraph at lines 3891--3894
[]\T1/ptm/m/n/10 A spa-tial ob-ject of class []\T1/zi4/m/n/10 terra::ext[]\T1/p
tm/m/n/10 , []\T1/zi4/m/n/10 terra::SpatVector[]\T1/ptm/m/n/10 , or []\T1/zi4/m
/n/10 terra::SpatRaster[]\T1/ptm/m/n/10 .
 []

[67] [68]
Overfull \hbox (14.71954pt too wide) in paragraph at lines 3986--3986
 []  \T1/zi4/m/n/10 tune = list(enable = FALSE, search = "grid", grid = NULL, n
_random = 20, seed = NULL),[] 
 []


Overfull \hbox (24.48935pt too wide) in paragraph at lines 4017--4019
[]\T1/zi4/m/n/10 method []\T1/ptm/m/n/10 (char-ac-ter): one of []\T1/zi4/m/n/10
 "none"[]\T1/ptm/m/n/10 , []\T1/zi4/m/n/10 "loocv"[]\T1/ptm/m/n/10 , []\T1/zi4/
m/n/10 "k-fold" []\T1/ptm/m/n/10 (also ac-cepts []\T1/zi4/m/n/10 "kfold"[]\T1/p
tm/m/n/10 /[]\T1/zi4/m/n/10 "k
 []

[69]
Overfull \hbox (10.36906pt too wide) in paragraph at lines 4039--4042
[]\T1/zi4/m/n/10 grid []\T1/ptm/m/n/10 (data.frame or []\T1/zi4/m/n/10 NULL[]\T
1/ptm/m/n/10 ): ex-plicit grid with columns []\T1/zi4/m/n/10 mtry[]\T1/ptm/m/n/
10 , []\T1/zi4/m/n/10 ntree[]\T1/ptm/m/n/10 , []\T1/zi4/m/n/10 nodesize[]\T1/pt
m/m/n/10 ,
 []


Overfull \hbox (4.66687pt too wide) in paragraph at lines 4082--4083
[]\T1/ptm/m/n/10 (list or []\T1/zi4/m/n/10 NULL[]\T1/ptm/m/n/10 ) mod-els fit-t
ed per re-sam-ple/fold/iteration when []\T1/zi4/m/n/10 list_test_models=TRUE[]\
T1/ptm/m/n/10 . 
 []

[70]
Overfull \hbox (1.22833pt too wide) in paragraph at lines 4104--4106
[]\T1/ptm/m/n/10 Uses []\T1/zi4/m/n/10 utils::txtProgressBar()[]\T1/ptm/m/n/10 
; dis-able with []\T1/zi4/m/n/10 verbose = FALSE[]\T1/ptm/m/n/10 . The in-ter-n
al helper is lightweight
 []


Overfull \hbox (24.72874pt too wide) in paragraph at lines 4147--4147
 []\T1/zi4/m/n/9 fit_k <- fit_model(x, y, test = list(method = "k-fold", k = 5,
 seed = 42), list_test_models = TRUE)[] 
 []

[71]
Overfull \hbox (7.16045pt too wide) in paragraph at lines 4175--4177
\T1/ptm/m/n/10 pling-Method [][][]\T1/zi4/m/n/10 randomSampling()[][][][]\T1/pt
m/m/n/10 , [][][]\T1/zi4/m/n/10 spacedSampling()[][][][]\T1/ptm/m/n/10 , [][][]
\T1/zi4/m/n/10 stratifiedSampling()[][][][]\T1/ptm/m/n/10 . 
 []


Overfull \hbox (9.40843pt too wide) in paragraph at lines 4197--4198
[]\T1/ptm/m/n/10 character. The id re-trieved from the data.table re-sult-ing f
rom [][][]\T1/zi4/m/n/10 search_datasets()[][][][]\T1/ptm/m/n/10 . 
 []

[72]
Overfull \hbox (7.16045pt too wide) in paragraph at lines 4225--4227
\T1/ptm/m/n/10 pling-Method [][][]\T1/zi4/m/n/10 randomSampling()[][][][]\T1/pt
m/m/n/10 , [][][]\T1/zi4/m/n/10 spacedSampling()[][][][]\T1/ptm/m/n/10 , [][][]
\T1/zi4/m/n/10 stratifiedSampling()[][][][]\T1/ptm/m/n/10 . 
 []

[73]
Overfull \hbox (64.09772pt too wide) in paragraph at lines 4278--4282
[]\T1/ptm/m/n/10 Logical. If []\T1/zi4/m/n/10 TRUE []\T1/ptm/m/n/10 (de-fault),
 at-tempt to de-tect and re-solve com-mon []\T1/zi4/m/n/10 aiobotocore[]\T1/ptm
/m/n/10 /[]\T1/zi4/m/n/10 botocore[]\T1/ptm/m/n/10 /[]\T1/zi4/m/n/10 boto3
 []

[74] [75]
Overfull \hbox (0.69945pt too wide) in paragraph at lines 4415--4417
[]\T1/ptm/m/n/10 An []\T1/zi4/m/n/10 ee$Image []\T1/ptm/m/n/10 or []\T1/zi4/m/n
/10 ee$ImageCollection []\T1/ptm/m/n/10 pro-vid-ing the pre-dic-tor vari-ables 
(bands)
 []


Overfull \hbox (23.14932pt too wide) in paragraph at lines 4462--4465
[][][]\T1/zi4/m/n/10 build_ee_forest[][][] randomForest::randomForest []\T1/ptm
/m/n/10 Earth En-gine API ref-er-ence: [][]$\T1/zi4/m/n/10 https : / / develope
rs .
 []

[76]
Package textcomp Info: Symbol \textrightarrow not provided by
(textcomp)             font family ptm in TS1 encoding.
(textcomp)             Default family used instead on input line 4498.
Package textcomp Info: Symbol \textrightarrow not provided by
(textcomp)             font family ptm in TS1 encoding.
(textcomp)             Default family used instead on input line 4498.
Package textcomp Info: Symbol \textrightarrow not provided by
(textcomp)             font family ptm in TS1 encoding.
(textcomp)             Default family used instead on input line 4498.
 [77]
Overfull \hbox (50.92874pt too wide) in paragraph at lines 4550--4553
[]\T1/ptm/m/n/10 Additional ar-gu-ments for-warded to the cor-re-spond-ing ex-p
ort helper ([]\T1/zi4/m/n/10 ee_image_to_drive()[]\T1/ptm/m/n/10 ,
 []

[78]
Overfull \hbox (1162.56721pt too wide) in paragraph at lines 4595--4597
[]\T1/ptm/m/n/10 A list of layer specs. For rasters: \T1/zi4/m/n/10 list(type="
ee_image", x, bands, aoi=NULL, group=NULL, min_value=0, max_value=1, palette=NU
LL, is_class=FALSE, scale_to_int=TRUE, int_factor=1000L, tile=FALSE, nx=NULL, n
y=NULL, legend=list(title=NULL, position=\"bottomright\", opacity=1, auto=NULL,
 probs=c(2,98), scale=NULL))\T1/ptm/m/n/10 .
 []


Overfull \hbox (52.00049pt too wide) in paragraph at lines 4595--4597
\T1/ptm/m/n/10 For vec-tors: []\T1/zi4/m/n/10 list(type="vector", vect, group=N
ULL, border_color, border_weight,
 []


Overfull \hbox (7.05087pt too wide) in paragraph at lines 4595--4597
\T1/zi4/m/n/10 fill, fill_color, fill_opacity, color_field, palette, legend_tit
le)[]\T1/ptm/m/n/10 . 
 []

[79]
Overfull \hbox (8.96896pt too wide) in paragraph at lines 4676--4678
[]\T1/ptm/m/n/10 or a char-ac-ter vec-tor of col-ors used to build a gra-di-ent
 via [][][]\T1/zi4/m/n/10 colorRampPalette[][][][]\T1/ptm/m/n/10 . 
 []

[80] [81] [82] [83] [84]
Overfull \hbox (7.16045pt too wide) in paragraph at lines 4962--4964
\T1/ptm/m/n/10 pling-Method [][][]\T1/zi4/m/n/10 randomSampling()[][][][]\T1/pt
m/m/n/10 , [][][]\T1/zi4/m/n/10 spacedSampling()[][][][]\T1/ptm/m/n/10 , [][][]
\T1/zi4/m/n/10 stratifiedSampling()[][][][]\T1/ptm/m/n/10 . 
 []


Overfull \hbox (10.28088pt too wide) in paragraph at lines 5003--5004
[][][]$\T1/zi4/m/n/10 https : / / icesat-[]2 . gsfc . nasa . gov / sites / defa
ult / files / page _ files / ICESat2 _ ATL03 _ ATBD _
 []

[85]
Overfull \hbox (25.36096pt too wide) in paragraph at lines 5054--5056
[][][]\T1/zi4/m/n/10 randomSampling()[][][][]\T1/ptm/m/n/10 , [][][]\T1/zi4/m/n
/10 spacedSampling()[][][][]\T1/ptm/m/n/10 , [][][]\T1/zi4/m/n/10 gridSampling(
)[][][][]\T1/ptm/m/n/10 , [][][]\T1/zi4/m/n/10 stratifiedSampling()[][][][]\T1/
ptm/m/n/10 , [][][]\T1/zi4/m/n/10 geomSampling()[][][][]\T1/ptm/m/n/10 ,
 []

[86] [87] [88] [89]
Overfull \hbox (7.16045pt too wide) in paragraph at lines 5272--5274
\T1/ptm/m/n/10 pling-Method [][][]\T1/zi4/m/n/10 randomSampling()[][][][]\T1/pt
m/m/n/10 , [][][]\T1/zi4/m/n/10 spacedSampling()[][][][]\T1/ptm/m/n/10 , [][][]
\T1/zi4/m/n/10 stratifiedSampling()[][][][]\T1/ptm/m/n/10 . 
 []

[90]
Overfull \hbox (7.16045pt too wide) in paragraph at lines 5300--5302
\T1/ptm/m/n/10 pling-Method [][][]\T1/zi4/m/n/10 randomSampling()[][][][]\T1/pt
m/m/n/10 , [][][]\T1/zi4/m/n/10 spacedSampling()[][][][]\T1/ptm/m/n/10 , [][][]
\T1/zi4/m/n/10 stratifiedSampling()[][][][]\T1/ptm/m/n/10 . 
 []


Underfull \hbox (badness 10000) in paragraph at lines 5310--5310
[]\T1/ptm/m/it/10 Generic func-tion to con-vert ice-sat2 classes and sf to
 []

[91]
Overfull \hbox (21.32756pt too wide) in paragraph at lines 5363--5367
\T1/ptm/m/n/10 orig-i-nal \T1/ptm/b/n/10 ran-dom-For-est \T1/ptm/m/n/10 im-ple-
men-ta-tion. This is a sim-pli-fied adap-ta-tion of []\T1/zi4/m/n/10 rfUtilitie
s::rf.modelSel[]\T1/ptm/m/n/10 ,
 []

[92]
Overfull \hbox (3.40718pt too wide) in paragraph at lines 5467--5469
[]\T1/zi4/m/n/10 importance []\T1/ptm/m/n/10 Data.frame of scaled im-por-tance 
val-ues for all vari-ables in the full model (columns
 []

[93]
Overfull \hbox (4.48743pt too wide) in paragraph at lines 5514--5519
[]\T1/ptm/m/n/10 ob-jects or [][][]\T1/zi4/m/n/10 terra::SpatVector[][][][]\T1/
ptm/m/n/10 , val-i-dates and re-pro-jects ge-ome-tries, and ei-ther re-turns an
 in-memory
 []

[94]
Overfull \hbox (69.73857pt too wide) in paragraph at lines 5555--5557
[]\T1/ptm/m/n/10 Character; EE as-set id (e.g., []\T1/zi4/m/n/10 "users/you/my_
fc"[]\T1/ptm/m/n/10 ). \T1/ptm/b/n/10 Re-quired \T1/ptm/m/n/10 when []\T1/zi4/m
/n/10 via = "getInfo_to_asset"[]\T1/ptm/m/n/10 . 
 []


Overfull \hbox (2.40758pt too wide) in paragraph at lines 5592--5594
[]\T1/ptm/m/n/10 Requires a prop-erly ini-tial-ized EE Python en-vi-ron-ment ([
]\T1/zi4/m/n/10 ee.Initialize() []\T1/ptm/m/n/10 in the ac-tive Python
 []

[95]
Overfull \hbox (25.03685pt too wide) in paragraph at lines 5664--5668
\T1/ptm/m/n/10 writes it to disk as a Geo-J-SON file. The func-tion first at-te
mpts to use \T1/ptm/b/n/10 terra \T1/ptm/m/n/10 via []\T1/zi4/m/n/10 ICESat2Veg
R::to_vect()[]\T1/ptm/m/n/10 ,
 []

[96] (Rd2.ind [97]
Overfull \hbox (38.3567pt too wide) in paragraph at lines 11--13
[]\T1/zi4/m/n/10 ATL03_ATL08_compute_seg_attributes_dt_segStat\T1/ptm/m/n/10 , 

 []


Overfull \hbox (18.3567pt too wide) in paragraph at lines 13--15
[]\T1/zi4/m/n/10 ATL03_ATL08_photons_attributes_dt_clipBox\T1/ptm/m/n/10 , 
 []


Overfull \hbox (43.3567pt too wide) in paragraph at lines 15--17
[]\T1/zi4/m/n/10 ATL03_ATL08_photons_attributes_dt_clipGeometry\T1/ptm/m/n/10 ,
 
 []


Overfull \hbox (23.3567pt too wide) in paragraph at lines 17--19
[]\T1/zi4/m/n/10 ATL03_ATL08_photons_attributes_dt_gridStat\T1/ptm/m/n/10 , 
 []


Overfull \hbox (3.3567pt too wide) in paragraph at lines 19--21
[]\T1/zi4/m/n/10 ATL03_ATL08_photons_attributes_dt_join\T1/ptm/m/n/10 , 
 []


Overfull \hbox (13.3567pt too wide) in paragraph at lines 21--28
[]\T1/zi4/m/n/10 ATL03_ATL08_photons_attributes_dt_join()\T1/ptm/m/n/10 , 
 []


Overfull \hbox (43.3567pt too wide) in paragraph at lines 28--30
[]\T1/zi4/m/n/10 ATL03_ATL08_photons_attributes_dt_join_clipBox\T1/ptm/m/n/10 ,
 
 []


Overfull \hbox (68.3567pt too wide) in paragraph at lines 30--32
[]\T1/zi4/m/n/10 ATL03_ATL08_photons_attributes_dt_join_clipGeometry\T1/ptm/m/n
/10 , 
 []


Overfull \hbox (23.3567pt too wide) in paragraph at lines 34--36
[]\T1/zi4/m/n/10 ATL03_ATL08_photons_attributes_dt_polyStat\T1/ptm/m/n/10 , 
 []


Overfull \hbox (8.3567pt too wide) in paragraph at lines 36--38
[]\T1/zi4/m/n/10 ATL03_ATL08_photons_dt_height_normalize\T1/ptm/m/n/10 , 
 []


Overfull \hbox (3.3567pt too wide) in paragraph at lines 40--42
[]\T1/zi4/m/n/10 ATL03_ATL08_photons_seg_dt_fitground()\T1/ptm/m/n/10 , 
 []


Overfull \hbox (8.3567pt too wide) in paragraph at lines 54--57
[]\T1/zi4/m/n/10 ATL03_photon_attributes_dt_clipGeometry\T1/ptm/m/n/10 , 
 []


Overfull \hbox (13.3567pt too wide) in paragraph at lines 63--65
[]\T1/zi4/m/n/10 ATL03_photons_attributes_dt_clipGeometry\T1/ptm/m/n/10 , 
 []


LaTeX Font Warning: Font shape `T1/zi4/m/it' undefined
(Font)              using `T1/zi4/m/n' instead on input line 116.

LaTeX Font Info:    Font shape `T1/zi4/m/it' will be
(Font)              scaled to size 10.0pt on input line 118.

Overfull \hbox (15.8567pt too wide) in paragraph at lines 126--128
[]\T1/zi4/m/it/10 clip,icesat2.atl03atl08_dt,numeric-method 
 []

[98

]
Overfull \hbox (28.3567pt too wide) in paragraph at lines 149--151
[]\T1/zi4/m/it/10 ee_build_AlphaEarth_embedding_terrain_stack\T1/ptm/m/n/10 , 
 []

[99]) (Rd2.aux)

LaTeX Font Warning: Some font shapes were not available, defaults substituted.


Package rerunfilecheck Warning: File `Rd2.out' has changed.
(rerunfilecheck)                Rerun to get outlines right
(rerunfilecheck)                or use package `bookmark'.

Package rerunfilecheck Info: Checksums for `Rd2.out':
(rerunfilecheck)             Before: E9161D86036B05825D6BEEDF4A8DAAAF;12847
(rerunfilecheck)             After:  9B2AE1FFF49FB611147293980AB988DD;12914.
 ) 
Here is how much of TeX's memory you used:
 11102 strings out of 478659
 174575 string characters out of 5844971
 463808 words of memory out of 5000000
 28312 multiletter control sequences out of 15000+600000
 439548 words of font info for 76 fonts, out of 8000000 for 9000
 1141 hyphenation exceptions out of 8191
 77i,6n,79p,508b,619s stack positions out of 10000i,1000n,20000p,200000b,200000s

pdfTeX warning (dest): name{Rfn.sf::st.Rul.write\(\)} has been referenced but d
oes not exist, replaced by a fixed one


pdfTeX warning (dest): name{Rfn.terra::makeValid\(\)} has been referenced but d
oes not exist, replaced by a fixed one


pdfTeX warning (dest): name{Rfn.sf::st.Rul.make.Rul.valid\(\)} has been referen
ced but does not exist, replaced by a fixed one


pdfTeX warning (dest): name{Rfn.randomForest} has been referenced but does not 
exist, replaced by a fixed one


pdfTeX warning (dest): name{Rfn.graphics::hist\(\)} has been referenced but doe
s not exist, replaced by a fixed one


pdfTeX warning (dest): name{Rfn.ANNIndex} has been referenced but does not exis
t, replaced by a fixed one


pdfTeX warning (dest): name{Rfn.terra::rast\(\)} has been referenced but does n
ot exist, replaced by a fixed one


pdfTeX warning (dest): name{Rfn.icesat2.predict.Rul.h5.Rdash.class} has been re
ferenced but does not exist, replaced by a fixed one


pdfTeX warning (dest): name{Rfn.barplot} has been referenced but does not exist
, replaced by a fixed one


pdfTeX warning (dest): name{Rfn.colorRampPalette} has been referenced but does 
not exist, replaced by a fixed one


pdfTeX warning (dest): name{Rfn.build.Rul.ee.Rul.forest} has been referenced bu
t does not exist, replaced by a fixed one


pdfTeX warning (dest): name{Rfn.icesat2.Rul.sampling.Rul.method.Rdash.class} ha
s been referenced but does not exist, replaced by a fixed one


pdfTeX warning (dest): name{Rfn.stats::cor\(\)} has been referenced but does no
t exist, replaced by a fixed one


pdfTeX warning (dest): name{Rfn.stats::lm\(\)} has been referenced but does not
 exist, replaced by a fixed one


pdfTeX warning (dest): name{Rfn.randomForest::randomForest\(\)} has been refere
nced but does not exist, replaced by a fixed one


pdfTeX warning (dest): name{Rfn.graphics::plot\(\)} has been referenced but doe
s not exist, replaced by a fixed one


pdfTeX warning (dest): name{Rfn.terra::ext\(\)} has been referenced but does no
t exist, replaced by a fixed one


pdfTeX warning (dest): name{Rfn.sf::sfc} has been referenced but does not exist
, replaced by a fixed one


pdfTeX warning (dest): name{Rfn.sf::sf} has been referenced but does not exist,
 replaced by a fixed one


pdfTeX warning (dest): name{Rfn.terra::SpatRaster} has been referenced but does
 not exist, replaced by a fixed one


pdfTeX warning (dest): name{Rfn.terra::vect\(\)} has been referenced but does n
ot exist, replaced by a fixed one


pdfTeX warning (dest): name{Rfn.ATL03.Rul.ATL08.Rul.photons.Rul.attributes.Rul.
dt.Rul.join.Rul.clipGeometry} has been referenced but does not exist, replaced 
by a fixed one


pdfTeX warning (dest): name{Rfn.ATL03.Rul.ATL08.Rul.photons.Rul.attributes.Rul.
dt.Rul.join.Rul.clipBox} has been referenced but does not exist, replaced by a 
fixed one


pdfTeX warning (dest): name{Rfn.ATL03.Rul.photon.Rul.attributes.Rul.dt.Rul.clip
Geometry} has been referenced but does not exist, replaced by a fixed one


pdfTeX warning (dest): name{Rfn.ATL03.Rul.photon.Rul.attributes.Rul.dt.Rul.clip
Box} has been referenced but does not exist, replaced by a fixed one


pdfTeX warning (dest): name{Rfn.tempdir} has been referenced but does not exist
, replaced by a fixed one


pdfTeX warning (dest): name{Rfn.icesat2.atl08.Rul.h5.Rdash.class} has been refe
renced but does not exist, replaced by a fixed one


pdfTeX warning (dest): name{Rfn.icesat2.atl03.Rul.h5} has been referenced but d
oes not exist, replaced by a fixed one


pdfTeX warning (dest): name{Rfn.character.Rdash.class} has been referenced but 
does not exist, replaced by a fixed one


pdfTeX warning (dest): name{Rfn.terra::SpatExtent} has been referenced but does
 not exist, replaced by a fixed one


pdfTeX warning (dest): name{Rfn.icesat2.atl03.Rul.h5.Rdash.class} has been refe
renced but does not exist, replaced by a fixed one


pdfTeX warning (dest): name{Rfn.data.table::data.table} has been referenced but
 does not exist, replaced by a fixed one


pdfTeX warning (dest): name{Rfn.terra::writeVector\(\)} has been referenced but
 does not exist, replaced by a fixed one


pdfTeX warning (dest): name{Rfn.numeric.Rdash.class} has been referenced but do
es not exist, replaced by a fixed one


pdfTeX warning (dest): name{Rfn.stats::approx\(\)} has been referenced but does
 not exist, replaced by a fixed one


pdfTeX warning (dest): name{Rfn.icesat2.atl03.Rul.dt.Rdash.class} has been refe
renced but does not exist, replaced by a fixed one


pdfTeX warning (dest): name{Rfn.terra::vect} has been referenced but does not e
xist, replaced by a fixed one


pdfTeX warning (dest): name{Rfn.terra::SpatVector} has been referenced but does
 not exist, replaced by a fixed one


pdfTeX warning (dest): name{Rfn.icesat2.atl03atl08.Rul.dt.Rdash.class} has been
 referenced but does not exist, replaced by a fixed one


pdfTeX warning (dest): name{Rfn.icesat2.atl08.Rul.dt.Rdash.class} has been refe
renced but does not exist, replaced by a fixed one


pdfTeX warning (dest): name{Rfn.icesat2.atl03.Rul.atl08.Rul.seg.Rul.dt.Rdash.cl
ass} has been referenced but does not exist, replaced by a fixed one

 <C:\Users\c.silva\AppData\Local\MiKTeX\fonts/pk/ljfour/jknappen/ec/dpi600\tcti
1000.pk> <C:\Users\c.silva\AppData\Local\MiKTeX\fonts/pk/ljfour/jknappen/ec/dpi
600\tctt0900.pk>{C:/Program Files/MiKTeX/fonts/enc/dvips/inconsolata/i4-ts1.enc
}{C:/Users/c.silva/AppData/Local/Programs/MiKTeX/fonts/enc/dvips/base/8r.enc}{C
:/Program Files/MiKTeX/fonts/enc/dvips/inconsolata/i4-t1-0.enc}<C:/Program File
s/MiKTeX/fonts/type1/public/inconsolata/Inconsolata-zi4r.pfb><C:/Users/c.silva/
AppData/Local/Programs/MiKTeX/fonts/type1/public/amsfonts/cm/cmmi10.pfb><C:/Use
rs/c.silva/AppData/Local/Programs/MiKTeX/fonts/type1/public/amsfonts/cm/cmmi5.p
fb><C:/Users/c.silva/AppData/Local/Programs/MiKTeX/fonts/type1/public/amsfonts/
cm/cmmi7.pfb><C:/Users/c.silva/AppData/Local/Programs/MiKTeX/fonts/type1/public
/amsfonts/cm/cmr10.pfb><C:/Users/c.silva/AppData/Local/Programs/MiKTeX/fonts/ty
pe1/public/amsfonts/cm/cmr7.pfb><C:/Users/c.silva/AppData/Local/Programs/MiKTeX
/fonts/type1/public/amsfonts/cm/cmsy10.pfb><C:/Users/c.silva/AppData/Local/Prog
rams/MiKTeX/fonts/type1/public/amsfonts/cm/cmsy7.pfb><C:/Users/c.silva/AppData/
Local/Programs/MiKTeX/fonts/type1/urw/times/utmb8a.pfb><C:/Users/c.silva/AppDat
a/Local/Programs/MiKTeX/fonts/type1/urw/times/utmr8a.pfb><C:/Users/c.silva/AppD
ata/Local/Programs/MiKTeX/fonts/type1/urw/times/utmr8a.pfb><C:/Users/c.silva/Ap
pData/Local/Programs/MiKTeX/fonts/type1/urw/times/utmri8a.pfb>
Output written on Rd2.pdf (99 pages, 595456 bytes).
PDF statistics:
 2050 PDF objects out of 2073 (max. 8388607)
 700 named destinations out of 1000 (max. 500000)
 569 words of extra memory for PDF output out of 10000 (max. 10000000)

